<?xml version="1.0" encoding="UTF-8"?>
<testng-results skipped="0" failed="0" total="6" passed="6">
  <reporter-output>
  </reporter-output>
  <suite name="Suite" duration-ms="25" started-at="2021-05-05T00:21:36Z" finished-at="2021-05-05T00:21:36Z">
    <groups>
    </groups>
    <test name="Test" duration-ms="25" started-at="2021-05-05T00:21:36Z" finished-at="2021-05-05T00:21:36Z">
      <class name="mavenproject.mavenjava.restapiTest">
        <test-method status="PASS" signature="restAutomation()" name="restAutomation" duration-ms="0" started-at="2021-05-05T00:21:36Z" finished-at="2021-05-05T00:21:36Z">
        </test-method>
        <test-method status="PASS" signature="restAutomation2()" name="restAutomation2" duration-ms="1" started-at="2021-05-05T00:21:36Z" finished-at="2021-05-05T00:21:36Z">
        </test-method>
      </class>
      <class name="mavenproject.mavenjava.seleniumTest">
        <test-method status="PASS" signature="webAutomation()" name="webAutomation" duration-ms="1" started-at="2021-05-05T00:21:36Z" finished-at="2021-05-05T00:21:36Z">
        </test-method>
        <test-method status="PASS" signature="webAutomation2()" name="webAutomation2" duration-ms="1" started-at="2021-05-05T00:21:36Z" finished-at="2021-05-05T00:21:36Z">
        </test-method>
      </class>
      <class name="mavenproject.mavenjava.appiumTest">
        <test-method status="PASS" signature="mobileAutomation()" name="mobileAutomation" duration-ms="8" started-at="2021-05-05T00:21:36Z" finished-at="2021-05-05T00:21:36Z">
        </test-method>
        <test-method status="PASS" signature="mobileAutomation2()" name="mobileAutomation2" duration-ms="0" started-at="2021-05-05T00:21:36Z" finished-at="2021-05-05T00:21:36Z">
        </test-method>
      </class>
    </test>
  </suite>
</testng-results>
