<?xml version="1.0" encoding="UTF-8"?>
<testsuite xmlns:xsi="http://www.w3.org/2001/XMLSchema-instance" xsi:noNamespaceSchemaLocation="https://maven.apache.org/surefire/maven-surefire-plugin/xsd/surefire-test-report-3.0.xsd" version="3.0" name="TestSuite" time="0.337" tests="6" errors="0" skipped="0" failures="0">
  <properties>
[...]
</properties>
  <testcase name="mobileAutomation" classname="mavenproject.mavenjava.appiumTest" time="0.009">
    <system-out><![CDATA[mobile
]]></system-out>
  </testcase>
  <testcase name="mobileAutomation2" classname="mavenproject.mavenjava.appiumTest" time="0.001">
    <system-out><![CDATA[mobile2
]]></system-out>
  </testcase>
  <testcase name="restAutomation" classname="mavenproject.mavenjava.restapiTest" time="0.001">
    <system-out><![CDATA[restapi
]]></system-out>
  </testcase>
  <testcase name="restAutomation2" classname="mavenproject.mavenjava.restapiTest" time="0.001">
    <system-out><![CDATA[restapi2
]]></system-out>
  </testcase>
  <testcase name="webAutomation" classname="mavenproject.mavenjava.seleniumTest" time="0.001">
    <system-out><![CDATA[browser
]]></system-out>
  </testcase>
  <testcase name="webAutomation2" classname="mavenproject.mavenjava.seleniumTest" time="0.001">
    <system-out><![CDATA[browser2
]]></system-out>
  </testcase>
</testsuite>